<?xml version="1.0" encoding="UTF-8"?>
<!-- Generated by org.testng.reporters.JUnitReportReporter -->
<testsuite hostname="HP" name="com.qa.test.DemoTest" tests="4" failures="0" timestamp="20 Oct 2018 17:40:36 GMT" time="0.047" errors="0">
  <testcase name="mul" time="0.002" classname="com.qa.test.DemoTest"/>
  <testcase name="div" time="0.039" classname="com.qa.test.DemoTest"/>
  <testcase name="sub" time="0.004" classname="com.qa.test.DemoTest"/>
  <testcase name="sum" time="0.002" classname="com.qa.test.DemoTest"/>
</testsuite>
